<?xml version="1.0" encoding="UTF-8"?>
<!-- Generated by org.testng.reporters.JUnitXMLReporter -->
<testsuite ignored="0" hostname="LAPTOP-MKJOIP3O" failures="2" tests="3" name="Default test" time="29.225" errors="0" timestamp="2026-05-19T02:22:41 IST">
  <testcase classname="io.cucumber.testng.AbstractTestNGCucumberTests" name="runScenario" time="7.485"/>
  <testcase classname="io.cucumber.testng.AbstractTestNGCucumberTests" name="runScenario" time="9.442">
    <failure type="java.lang.AssertionError" message="expected [false] but found [true]">
      <![CDATA[java.lang.AssertionError: expected [false] but found [true]
at org.testng.Assert.fail(Assert.java:111)
at org.testng.Assert.failNotEquals(Assert.java:1590)
at org.testng.Assert.assertFalse(Assert.java:79)
at org.testng.Assert.assertFalse(Assert.java:89)
at com.automation.stepdefinitions.SearchFunctionality.i_should_see_search_results_related_to(SearchFunctionality.java:49)
at ✽.I should see search results related to "Tomato - 1 Kg"(file:///C:/Users/Taranjit%20Singh/OneDrive/Automation%20Learning/AutomationSeleniumFramework/com.automation.bdd/src/test/resources/com/automation/features/search.feature:13)
]]>
    </failure>
  </testcase> <!-- runScenario -->
  <testcase classname="io.cucumber.testng.AbstractTestNGCucumberTests" name="runScenario" time="28.019">
    <failure type="java.lang.AssertionError" message="expected [false] but found [true]">
      <![CDATA[java.lang.AssertionError: expected [false] but found [true]
at org.testng.Assert.fail(Assert.java:111)
at org.testng.Assert.failNotEquals(Assert.java:1590)
at org.testng.Assert.assertFalse(Assert.java:79)
at org.testng.Assert.assertFalse(Assert.java:89)
at com.automation.stepdefinitions.SearchFunctionality.i_should_see_search_results_related_to(SearchFunctionality.java:49)
at ✽.I should see search results related to "Sorry, no products matched your search!"(file:///C:/Users/Taranjit%20Singh/OneDrive/Automation%20Learning/AutomationSeleniumFramework/com.automation.bdd/src/test/resources/com/automation/features/search.feature:19)
]]>
    </failure>
  </testcase> <!-- runScenario -->
</testsuite> <!-- Default test -->
