<?xml version="1.0" encoding="UTF-8"?>
<!-- Generated by org.testng.reporters.JUnitReportReporter -->
<testsuite hostname="LAPTOP-MKJOIP3O" failures="0" tests="2" name="com.automation.testrunner.testRunner" time="27.340" errors="0" timestamp="2026-05-18T17:21:50 IST" skipped="0">
  <testcase classname="com.automation.testrunner.testRunner" name="runScenario" time="16.432"/>
  <testcase classname="com.automation.testrunner.testRunner" name="runScenario" time="10.908"/>
</testsuite> <!-- com.automation.testrunner.testRunner -->
