<?xml version="1.0" encoding="UTF-8"?>
<!-- Generated by org.testng.reporters.JUnitReportReporter -->
<testsuite hostname="LAPTOP-MKJOIP3O" failures="2" tests="3" name="com.automation.testrunner.testRunner" time="44.946" errors="0" timestamp="2026-05-19T02:22:42 IST" skipped="0">
  <testcase classname="com.automation.testrunner.testRunner" name="runScenario" time="9.442">
    <failure message="expected [false] but found [true]" type="java.lang.AssertionError">
      <![CDATA[java.lang.AssertionError: expected [false] but found [true]
at org.testng.Assert.fail(Assert.java:111)
at org.testng.Assert.failNotEquals(Assert.java:1590)
at org.testng.Assert.assertFalse(Assert.java:79)
at org.testng.Assert.assertFalse(Assert.java:89)
at com.automation.stepdefinitions.SearchFunctionality.i_should_see_search_results_related_to(SearchFunctionality.java:49)
at ✽.I should see search results related to "Tomato - 1 Kg"(file:///C:/Users/Taranjit%20Singh/OneDrive/Automation%20Learning/AutomationSeleniumFramework/com.automation.bdd/src/test/resources/com/automation/features/search.feature:13)
]]>
    </failure>
  </testcase> <!-- runScenario -->
  <testcase classname="com.automation.testrunner.testRunner" name="runScenario" time="28.019">
    <failure message="expected [false] but found [true]" type="java.lang.AssertionError">
      <![CDATA[java.lang.AssertionError: expected [false] but found [true]
at org.testng.Assert.fail(Assert.java:111)
at org.testng.Assert.failNotEquals(Assert.java:1590)
at org.testng.Assert.assertFalse(Assert.java:79)
at org.testng.Assert.assertFalse(Assert.java:89)
at com.automation.stepdefinitions.SearchFunctionality.i_should_see_search_results_related_to(SearchFunctionality.java:49)
at ✽.I should see search results related to "Sorry, no products matched your search!"(file:///C:/Users/Taranjit%20Singh/OneDrive/Automation%20Learning/AutomationSeleniumFramework/com.automation.bdd/src/test/resources/com/automation/features/search.feature:19)
]]>
    </failure>
  </testcase> <!-- runScenario -->
  <testcase classname="com.automation.testrunner.testRunner" name="runScenario" time="7.485"/>
</testsuite> <!-- com.automation.testrunner.testRunner -->
